<?xml version="1.0" encoding="UTF-8"?>
<!-- Generated by org.testng.reporters.JUnitReportReporter -->
<testsuite hostname="WISBLR204030" failures="0" tests="1" name="com.DemandPortal.testcases.Startup_debug" time="7.294" errors="0" timestamp="18 Dec 2018 12:25:31 GMT">
  <testcase classname="com.DemandPortal.testcases.Startup_debug" name="openPortal" time="7.294"/>
</testsuite> <!-- com.DemandPortal.testcases.Startup_debug -->
