<?xml version="1.0" encoding="UTF-8"?>
<!-- Generated by org.testng.reporters.JUnitReportReporter -->
<testsuite hostname="WISBLR204030" name="com.DemandPortal.testcases.Startup_debug" tests="1" failures="0" timestamp="18 Dec 2018 11:18:03 GMT" time="8.204" errors="0">
  <testcase name="openPortal" time="8.204" classname="com.DemandPortal.testcases.Startup_debug"/>
</testsuite> <!-- com.DemandPortal.testcases.Startup_debug -->
