<?xml version="1.0" encoding="UTF-8"?>
<!-- Generated by org.testng.reporters.JUnitReportReporter -->
<testsuite hostname="WISBLR204030" name="com.DemandPortal.testcases.LoginTestCase" tests="1" failures="0" timestamp="18 Dec 2018 11:18:03 GMT" time="41.611" errors="0">
  <testcase name="loginSESA402879SS" time="41.611" classname="com.DemandPortal.testcases.LoginTestCase"/>
</testsuite> <!-- com.DemandPortal.testcases.LoginTestCase -->
